[www.dma-cheats.com/index.html]
[static.wixstatic.com/media/d538b7_24d6b375d74b4c189a192497fb1c4fff_mv2.png/v1/fill/w_192,h_192,lg_1,usm_0.66_1.00_0.01/d538b7_24d6b375d74b4c189a192497fb1c4fff_mv2.png]
[static.wixstatic.com/media/d538b7_24d6b375d74b4c189a192497fb1c4fff_mv2.png/v1/fill/w_32,h_32,lg_1,usm_0.66_1.00_0.01/d538b7_24d6b375d74b4c189a192497fb1c4fff_mv2.png]
[static.wixstatic.com/media/d538b7_24d6b375d74b4c189a192497fb1c4fff_mv2.png/v1/fill/w_180,h_180,lg_1,usm_0.66_1.00_0.01/d538b7_24d6b375d74b4c189a192497fb1c4fff_mv2.png]
[static.parastorage.com/unpkg/core-js-bundle@3.2.1/minified.js]
[static.parastorage.com/unpkg/focus-within-polyfill@5.0.9/dist/focus-within-polyfill.js]
[backblue.gif]
[fade.gif]
[index.html]
[polyfill-fastly.io/v3/polyfill.mind82c.js]
[www.dma-cheats.com/c.6.delayed]
[www.dma-cheats.com/t.7.delayed]
[static.wixstatic.com/media/d538b7_24d6b375d74b4c189a192497fb1c4fff_mv2.png/v1/fill/w_87,h_76,al_c,q_85,usm_0.66_1.00_0.01,enc_auto/d538b7_24d6b375d74b4c189a192497fb1c4fff_mv2.png]
[www.dma-cheats.com/faq.html]
[www.dma-cheats.com/dmacard-guide.html]
[www.dma-cheats.com/careers.html]
[www.dma-cheats.com/full-dma-bundle.html]
[static.wixstatic.com/media/d538b7_9d39e122787546238526ec80b31c3148_mv2.png/v1/fill/w_49,h_24,al_c,q_85,usm_0.66_1.00_0.01,blur_2,enc_auto/d538b7_9d39e122787546238526ec80b31c3148_mv2.png]
[static.wixstatic.com/media/d538b7_dcdd37d4911b41199986d5cade710c2e_mv2.jpg/v1/fill/w_186,h_186,al_c,q_80,usm_0.66_1.00_0.01,enc_auto/1679523870_preview_Без-имени-1.jpg]
[www.dma-cheats.com/cs2.html]
[static.wixstatic.com/media/d538b7_63bc2ba8f6874dd894b309e14cdb2a38_mv2.jpg/v1/fill/w_186,h_186,al_c,q_80,usm_0.66_1.00_0.01,enc_auto/fortnite.jpg]
[www.dma-cheats.com/fortnite.html]
[www.dma-cheats.com/cod.html]
[static.wixstatic.com/media/d538b7_de59122684d24e09b6e8e96986048aec_mv2.png/v1/fill/w_186,h_186,al_c,q_85,usm_0.66_1.00_0.01,enc_auto/cod.png]
[www.dma-cheats.com/valorant.html]
[static.wixstatic.com/media/d538b7_086cd9d76b7c482f9ec98c378cf4356d_mv2.jpg/v1/fill/w_186,h_186,al_c,q_80,usm_0.66_1.00_0.01,enc_auto/valorant.jpg]
[static.wixstatic.com/media/d538b7_a6fc2fb6281a4b3f9d174518032ae3eb_mv2.jpg/v1/fill/w_186,h_186,al_c,q_80,usm_0.66_1.00_0.01,enc_auto/apex.jpg]
[www.dma-cheats.com/apex.html]
[static.wixstatic.com/media/d538b7_63dca70afec145209f3c5ef5f0a9a137_mv2.jpg/v1/fill/w_186,h_186,al_c,q_80,usm_0.66_1.00_0.01,enc_auto/pubg заставка jpg.jpg]
[www.dma-cheats.com/dma-cards.html]
[static.wixstatic.com/media/d538b7_55c8aaebf13b4722a94ddfcf3599bd4f_mv2.png/v1/fill/w_160,h_160,al_c,q_85,usm_0.66_1.00_0.01,enc_auto/2023-11-08_21-19-49 копия.png]
[www.dma-cheats.com/pubg.html]
[www.dma-cheats.com/firmware.html]
[static.wixstatic.com/media/d538b7_4eca3f4e8ed041028d34410727e761c1_mv2.png/v1/fill/w_174,h_168,al_c,q_85,usm_0.66_1.00_0.01,enc_auto/private firmware.png]
[www.dma-cheats.com/fuser.html]
[static.wixstatic.com/media/d538b7_d74cce92ce2347ef9fde6cb7f56a8ed3_mv2.png/v1/fill/w_174,h_109,al_c,q_85,usm_0.66_1.00_0.01,enc_auto/fuser квадрат.png]
[static.wixstatic.com/media/d538b7_378a0412758f485e88ce7c2e267f0d9f_mv2.png/v1/fill/w_166,h_166,al_c,q_85,usm_0.66_1.00_0.01,enc_auto/d538b7_378a0412758f485e88ce7c2e267f0d9f_mv2.png]
[www.dma-cheats.com/kmbox.html]
[www.dma-cheats.com/xim.html]
[static.wixstatic.com/media/d538b7_8fb948ca15df41d2bef5e660bc56c983_mv2.png/v1/fill/w_160,h_116,al_c,q_85,usm_0.66_1.00_0.01,enc_auto/d538b7_8fb948ca15df41d2bef5e660bc56c983_mv2.png]
[static.wixstatic.com/media/d538b7_0992fd35ef604d7ab25fad08bb6f8d24_mv2.png/v1/fill/w_170,h_120,al_c,q_85,usm_0.66_1.00_0.01,enc_auto/mini pc копия.png]
[static.wixstatic.com/media/d538b7_54785db800bb48fe902be7e05ae61446_mv2.png/v1/fill/w_49,h_77,al_c,q_85,usm_0.66_1.00_0.01,blur_2,enc_auto/d538b7_54785db800bb48fe902be7e05ae61446_mv2.png]
[www.dma-cheats.com/minipc.html]
[static.wixstatic.com/media/d538b7_d51bd29f566d4df49da50de069500814_mv2.png/v1/fill/w_47,h_23,al_c,q_85,usm_0.66_1.00_0.01,blur_2,enc_auto/Как работает дма чит v2.png]
[static.wixstatic.com/media/d538b7_5e4981a295f34ad5af33f4385c5b4409_mv2.png/v1/fill/w_109,h_109,al_c,q_85,usm_0.66_1.00_0.01,blur_2/d538b7_5e4981a295f34ad5af33f4385c5b4409_mv2.png]
[static.wixstatic.com/media/d538b7_5b71b8613b8c49a389c89ec7e810632c_mv2.png/v1/fill/w_20,h_20,al_c,q_85,usm_0.66_1.00_0.01,blur_3,enc_auto/Галочка для сайта-2.png]
[static.wixstatic.com/media/d538b7_154b4fd1b24f490fbe3fe0756b220951_mv2.png/v1/fill/w_111,h_108,al_c,q_85,usm_0.66_1.00_0.01,blur_2,enc_auto/kmbox.png]
[static.wixstatic.com/media/d538b7_bc12151ec75943609d3643d1d8f8c8f5_mv2.png/v1/fill/w_121,h_80,al_c,q_85,usm_0.66_1.00_0.01,blur_2,enc_auto/fuser.png]
[static.wixstatic.com/media/d538b7_4eca3f4e8ed041028d34410727e761c1_mv2.png/v1/fill/w_125,h_117,al_c,q_85,usm_0.66_1.00_0.01,blur_2,enc_auto/private firmware.png]
[static.wixstatic.com/media/d538b7_654cf184cafd4fb5b74c286509647e92_mv2.png/v1/fill/w_49,h_81,al_c,q_85,usm_0.66_1.00_0.01,blur_2,enc_auto/d538b7_654cf184cafd4fb5b74c286509647e92_mv2.png]
[static.wixstatic.com/media/d538b7_aaf6fc857e3e4e18be8f964d1c334581_mv2.png/v1/fill/w_27,h_24,al_c,q_85,usm_0.66_1.00_0.01,blur_3,enc_auto/d538b7_aaf6fc857e3e4e18be8f964d1c334581_mv2.png]
[static.wixstatic.com/media/d538b7_da306814786640d08f02b94872f441e3_mv2.png/v1/fill/w_32,h_21,al_c,q_85,usm_0.66_1.00_0.01,blur_3,enc_auto/1844751.png]
[static.wixstatic.com/media/d538b7_05fa397fb60d47039a1429e7fce18301_mv2.png/v1/fill/w_17,h_36,al_c,q_85,usm_0.66_1.00_0.01,blur_3,enc_auto/d538b7_05fa397fb60d47039a1429e7fce18301_mv2.png]
[static.wixstatic.com/media/d538b7_dfaf03f2b84f47828fd58cf65bdf1fef_mv2.png/v1/fill/w_24,h_24,al_c,q_85,usm_0.66_1.00_0.01,blur_3,enc_auto/d538b7_dfaf03f2b84f47828fd58cf65bdf1fef_mv2.png]
[static.wixstatic.com/media/d538b7_0d7716411d294d2b8b6399c6d9083112_mv2.png/v1/fill/w_20,h_20,al_c,q_85,usm_0.66_1.00_0.01,blur_3,enc_auto/1.png]
[static.wixstatic.com/media/d538b7_8e2bb9e45d764e20b85a5350c9f9d54f_mv2.png/v1/fill/w_20,h_20,al_c,q_85,usm_0.66_1.00_0.01,blur_3,enc_auto/2.png]
[static.wixstatic.com/media/d538b7_2b791ce85c6642ce9f50420c722244f6_mv2.png/v1/fill/w_20,h_20,al_c,q_85,usm_0.66_1.00_0.01,blur_3,enc_auto/3.png]
[static.wixstatic.com/media/d538b7_f09e1a5cb90f4c40b247380e2305521a_mv2.png/v1/fill/w_20,h_20,al_c,q_85,usm_0.66_1.00_0.01,blur_3,enc_auto/4.png]
[static.wixstatic.com/media/d538b7_61f20169cc8347d5bd22b959318668c4_mv2.png/v1/fill/w_20,h_20,al_c,q_85,usm_0.66_1.00_0.01,blur_3,enc_auto/5.png]
[static.wixstatic.com/media/d538b7_98ed0f0361324a969bda6e451cab0b96_mv2.png/v1/fill/w_20,h_20,al_c,q_85,usm_0.66_1.00_0.01,blur_3,enc_auto/6.png]
[static.wixstatic.com/media/d538b7_2459357b87314b59b9e237ec2cead4d2_mv2.jpg/v1/fill/w_99,h_99,al_c,q_80,usm_0.66_1.00_0.01,blur_2,enc_auto/4a609798.jpg]
[static.wixstatic.com/media/d538b7_24d6b375d74b4c189a192497fb1c4fff_mv2.png/v1/fill/w_72,h_63,al_c,q_85,usm_0.66_1.00_0.01,blur_3,enc_auto/d538b7_24d6b375d74b4c189a192497fb1c4fff_mv2.png]
[www.dma-cheats.com/terms.html]
[www.dma-cheats.com/privacy.html]
[www.dma-cheats.com/refund.html]
[browser.sentry-cdn.com/6.18.2/bundle.min.js]
[www.dma-cheats.com/sitemap.xml]
[www.dma-cheats.com/feed.3f.delayed]
[www.dma-cheats.com/${i.40.delayed]
[static.parastorage.com/services/wix-thunderbolt/dist/thunderbolt-commons.60ed9a5a.bundle.min.js]
[static.parastorage.com/services/wix-thunderbolt/dist/main.dda15fae.bundle.min.js]
[static.parastorage.com/services/wix-thunderbolt/dist/main.renderer.1d21f023.bundle.min.js]
[static.parastorage.com/unpkg/lodash@4.17.21/lodash.min.js]
[static.parastorage.com/unpkg/react@18.3.1/umd/react.production.min.js]
[static.parastorage.com/unpkg/react-dom@18.3.1/umd/react-dom.production.min.js]
[www.dma-cheats.com/decodeURIComponent(e.47.delayed]
[static.parastorage.com/services/tag-manager-client/1.875.0/siteTags.bundle.min.js]
[www.dma-cheats.com/index.html]
[www.dma-cheats.com/c.html]
[www.dma-cheats.com/t.html]
[www.dma-cheats.com/faq.html]
[www.dma-cheats.com/firmware-guide.html]
[www.dma-cheats.com/kmbox-b-pro-guide.html]
[www.dma-cheats.com/kmbox-net-guide.html]
[www.dma-cheats.com/fuser-guide.html]
[www.dma-cheats.com/xim-guide.html]
[static.wixstatic.com/media/d538b7_55c8aaebf13b4722a94ddfcf3599bd4f_mv2.png/v1/fill/w_350,h_350,al_c,q_85,usm_0.66_1.00_0.01,enc_auto/2023-11-08_21-19-49 копия.png]
[www.dma-cheats.com/cheat-guide.html]
[static.wixstatic.com/media/d538b7_e3b3f3689dd54fb5b53019357d4f34bf_mv2.png/v1/fill/w_60,h_44,al_c,q_85,usm_0.66_1.00_0.01,blur_2,enc_auto/system info  2.png]
[static.wixstatic.com/media/d538b7_88e80357d16543799c3b14b8c0f86ed7_mv2.png/v1/fill/w_113,h_113,al_c,q_85,usm_0.66_1.00_0.01,blur_2,enc_auto/материнка копия.png]
[static.wixstatic.com/media/d538b7_d517b216094b4c0ca554f75061cef84e_mv2.png/v1/fill/w_100,h_100,al_c,q_85,blur_3,enc_auto/2024-05-06_14-00-50.png]
[static.wixstatic.com/media/d538b7_20cd420f573f4c96a6d38e51a2dd6e20_mv2.png/v1/fill/w_97,h_63,al_c,q_85,usm_0.66_1.00_0.01,blur_2,enc_auto/2024-05-06_14-04-44.png]
[static.wixstatic.com/media/d538b7_57be57a0c23948ab81367860675437ac_mv2.png/v1/fill/w_51,h_37,al_c,q_85,usm_0.66_1.00_0.01,blur_2,enc_auto/2222.png]
[static.wixstatic.com/media/d538b7_874e14bcd52d41e28bd26003e732d444_mv2.png/v1/fill/w_72,h_42,al_c,q_85,usm_0.66_1.00_0.01,blur_2,enc_auto/dma speed test.png]
[static.wixstatic.com/media/d538b7_e941b80d53414c258f2ea91a97cd2baa_mv2.png/v1/fill/w_64,h_9,al_c,q_85,usm_0.66_1.00_0.01,blur_2,enc_auto/image.png]
[static.wixstatic.com/media/d538b7_145c80d4fd084a67843d4e6255d9664a_mv2.png/v1/fill/w_60,h_23,al_c,q_85,usm_0.66_1.00_0.01,blur_2,enc_auto/dma cheats mega photo.png]
[www.dma-cheats.com/dmacard-guide.html]
[static.wixstatic.com/media/d538b7_0d7716411d294d2b8b6399c6d9083112_mv2.png/v1/fill/w_20,h_20,al_c,q_85,usm_0.66_1.00_0.01,enc_auto/1.png]
[static.wixstatic.com/media/d538b7_8e2bb9e45d764e20b85a5350c9f9d54f_mv2.png/v1/fill/w_20,h_20,al_c,q_85,usm_0.66_1.00_0.01,enc_auto/2.png]
[static.wixstatic.com/media/d538b7_2b791ce85c6642ce9f50420c722244f6_mv2.png/v1/fill/w_20,h_20,al_c,q_85,usm_0.66_1.00_0.01,enc_auto/3.png]
[static.wixstatic.com/media/d538b7_f09e1a5cb90f4c40b247380e2305521a_mv2.png/v1/fill/w_20,h_20,al_c,q_85,usm_0.66_1.00_0.01,enc_auto/4.png]
[static.wixstatic.com/media/d538b7_61f20169cc8347d5bd22b959318668c4_mv2.png/v1/fill/w_20,h_20,al_c,q_85,usm_0.66_1.00_0.01,enc_auto/5.png]
[static.wixstatic.com/media/d538b7_98ed0f0361324a969bda6e451cab0b96_mv2.png/v1/fill/w_20,h_20,al_c,q_85,usm_0.66_1.00_0.01,enc_auto/6.png]
[static.wixstatic.com/media/d538b7_189236a36cb34f4ca42128cb48bde2c3_mv2.png/v1/fill/w_320,h_320,al_c,q_85,usm_0.66_1.00_0.01,enc_auto/разработчик.png]
[static.wixstatic.com/media/d538b7_eadd7a2585dc44fea844994d64df502a_mv2.png/v1/fill/w_340,h_340,al_c,q_85,usm_0.66_1.00_0.01,enc_auto/техподдержка.png]
[static.wixstatic.com/media/d538b7_fe24da1bb21e40e08c8f8308cf202cf0_mv2.png/v1/fill/w_79,h_68,al_c,q_85,usm_0.66_1.00_0.01,blur_2,enc_auto/реселлер.png]
[www.dma-cheats.com/careers.html]
[static.wixstatic.com/media/d538b7_7d489ba9012842c48d2978eeb351cc24_mv2.png/v1/fill/w_250,h_250,al_c,q_85,usm_0.66_1.00_0.01,enc_auto/full package для сайта 2.png]
[static.wixstatic.com/media/d538b7_b330cb916c5b4a1bb6efed622356781f_mv2.png/v1/fill/w_121,h_76,al_c,q_85,usm_0.66_1.00_0.01,blur_2,enc_auto/dp fuser 2.png]
[static.wixstatic.com/media/d538b7_7b353804595341e38aca29d45f65f1cf_mv2.png/v1/fill/w_120,h_267,al_c,q_85,usm_0.66_1.00_0.01,blur_3/d538b7_7b353804595341e38aca29d45f65f1cf_mv2.png]
[static.wixstatic.com/media/d538b7_851b2e9922c24d6aa084e16641f80bcd_mv2.png/v1/fill/w_118,h_93,al_c,q_85,usm_0.66_1.00_0.01,blur_2,enc_auto/delivery.png]
[www.dma-cheats.com/full-dma-bundle.html]
[static.wixstatic.com/media/d538b7_dcdd37d4911b41199986d5cade710c2e_mv2.jpg/v1/fill/w_245,h_245,al_c,q_80,usm_0.66_1.00_0.01,enc_auto/d538b7_dcdd37d4911b41199986d5cade710c2e_mv2.jpg]
[static.wixstatic.com/media/d538b7_55c8aaebf13b4722a94ddfcf3599bd4f_mv2.png/v1/fill/w_245,h_245,al_c,q_85,usm_0.66_1.00_0.01,enc_auto/2023-11-08_21-19-49 копия.png]
[static.wixstatic.com/media/d538b7_7d489ba9012842c48d2978eeb351cc24_mv2.png/v1/fill/w_245,h_245,al_c,q_85,usm_0.66_1.00_0.01,enc_auto/full package для сайта 2.png]
[static.wixstatic.com/media/d538b7_effa50a9ac864578838b45b56ce56684_mv2.png/v1/fill/w_32,h_32,al_c,q_85,usm_0.66_1.00_0.01,blur_3,enc_auto/4801686.png]
[static.wixstatic.com/media/d538b7_bf90167eef4b42daa2874a73d2c15ec0_mv2.png/v1/fill/w_32,h_23,al_c,q_85,usm_0.66_1.00_0.01,blur_3,enc_auto/d538b7_bf90167eef4b42daa2874a73d2c15ec0_mv2.png]
[static.wixstatic.com/media/d538b7_2bc97098f1c743808b33f8ea8c884a43_mv2.png/v1/fill/w_32,h_32,al_c,q_85,usm_0.66_1.00_0.01,blur_3,enc_auto/radar 2 копия копия.png]
[static.wixstatic.com/media/d538b7_d3c0c41bcbae4144939a78581fcb93bb_mv2.png/v1/fill/w_32,h_32,al_c,q_85,usm_0.66_1.00_0.01,blur_3,enc_auto/misc.png]
[static.wixstatic.com/media/d538b7_1a8ced0228e14a0ea56985bbfee8a647_mv2.png/v1/fill/w_81,h_65,al_c,q_85,usm_0.66_1.00_0.01,blur_2,enc_auto/cs2 menu new.png]
[static.wixstatic.com/media/d538b7_c1fad738aadb4227bbe21d4e6ca5496a_mv2.png/v1/fill/w_77,h_41,al_c,q_85,usm_0.66_1.00_0.01,blur_2,enc_auto/d538b7_c1fad738aadb4227bbe21d4e6ca5496a_mv2.png]
[www.dma-cheats.com/cs2.html]
[static.wixstatic.com/media/d538b7_63bc2ba8f6874dd894b309e14cdb2a38_mv2.jpg/v1/fill/w_245,h_245,al_c,q_80,usm_0.66_1.00_0.01,enc_auto/fortnite.jpg]
[www.dma-cheats.com/fortnite-period.html]
[static.wixstatic.com/media/d538b7_296872d16de341b686cd19edcbab53d9_mv2.png/v1/fill/w_74,h_37,al_c,q_85,usm_0.66_1.00_0.01,blur_2,enc_auto/скриншот меню fortnite.png]
[static.wixstatic.com/media/d538b7_f7992ad1cb63467eafd200183df902bd_mv2.jpg/v1/fill/w_140,h_79,al_c,q_80,usm_0.66_1.00_0.01,blur_2,enc_auto/видео оверлей форт - frame at 4m48s.jpg]
[www.dma-cheats.com/fortnite.html]
[www.dma-cheats.com/cs2-period.html]
[static.wixstatic.com/media/d538b7_de59122684d24e09b6e8e96986048aec_mv2.png/v1/fill/w_245,h_245,al_c,q_85,usm_0.66_1.00_0.01,enc_auto/cod.png]
[static.wixstatic.com/media/d538b7_0c57855fc80f4e818b13f1762752d997_mv2.jpg/v1/fill/w_127,h_88,al_c,q_80,usm_0.66_1.00_0.01,blur_2,enc_auto/показ меню со 2 пк - frame at 0m10s копия.jpg]
[static.wixstatic.com/media/d538b7_1c17923bd41649118e94b7cd88cb7061_mv2.jpg/v1/fill/w_140,h_79,al_c,q_80,usm_0.66_1.00_0.01,blur_2,enc_auto/Видео с тел 3 - frame at 4m21s.jpg]
[www.dma-cheats.com/cod.html]
[static.wixstatic.com/media/d538b7_086cd9d76b7c482f9ec98c378cf4356d_mv2.jpg/v1/fill/w_245,h_245,al_c,q_80,usm_0.66_1.00_0.01,enc_auto/valorant.jpg]
[www.dma-cheats.com/cod-period.html]
[www.dma-cheats.com/valorant-period.html]
[static.wixstatic.com/media/d538b7_ba1fef8afc03453bb7f757d2bf96f8c9_mv2.png/v1/fill/w_80,h_43,al_c,q_85,usm_0.66_1.00_0.01,blur_2,enc_auto/val menu 3.png]
[static.wixstatic.com/media/d538b7_355f4969525d484884b4b7a1ac39ec85_mv2.png/v1/fill/w_75,h_51,al_c,q_85,usm_0.66_1.00_0.01,blur_2,enc_auto/d538b7_355f4969525d484884b4b7a1ac39ec85_mv2.png]
[www.dma-cheats.com/valorant.html]
[static.wixstatic.com/media/d538b7_a6fc2fb6281a4b3f9d174518032ae3eb_mv2.jpg/v1/fill/w_245,h_245,al_c,q_80,usm_0.66_1.00_0.01,enc_auto/apex.jpg]
[static.wixstatic.com/media/d538b7_d8d50f93180b46408397dcbdeb139af4_mv2.png/v1/fill/w_78,h_39,al_c,q_85,usm_0.66_1.00_0.01,blur_2,enc_auto/d538b7_d8d50f93180b46408397dcbdeb139af4_mv2.png]
[www.dma-cheats.com/apex-period.html]
[static.wixstatic.com/media/d538b7_8d6d6dfec6014950ba2c69f969cac100_mv2.png/v1/fill/w_78,h_44,al_c,q_85,usm_0.66_1.00_0.01,blur_2,enc_auto/скрин оверлея apex.png]
[www.dma-cheats.com/apex.html]
[static.wixstatic.com/media/d538b7_63dca70afec145209f3c5ef5f0a9a137_mv2.jpg/v1/fill/w_245,h_245,al_c,q_80,usm_0.66_1.00_0.01,enc_auto/pubg заставка jpg.jpg]
[static.wixstatic.com/media/d538b7_b213ac1500af4d92abc6c7ae278df5ae_mv2.png/v1/fill/w_77,h_23,al_c,q_85,usm_0.66_1.00_0.01,blur_2,enc_auto/меню pubg.png]
[www.dma-cheats.com/finals-period.html]
[static.wixstatic.com/media/d538b7_a0c2a4f33e6f4327addc7abac75feab0_mv2.png/v1/fill/w_72,h_40,al_c,q_85,usm_0.66_1.00_0.01,blur_2,enc_auto/d538b7_a0c2a4f33e6f4327addc7abac75feab0_mv2.png]
[www.dma-cheats.com/pubg.html]
[www.dma-cheats.com/dma-cards.html]
[static.wixstatic.com/media/d538b7_4eca3f4e8ed041028d34410727e761c1_mv2.png/v1/fill/w_260,h_244,al_c,q_85,usm_0.66_1.00_0.01,enc_auto/private firmware.png]
[www.dma-cheats.com/firmware.html]
[static.wixstatic.com/media/d538b7_bc12151ec75943609d3643d1d8f8c8f5_mv2.png/v1/fill/w_284,h_190,al_c,q_85,usm_0.66_1.00_0.01,enc_auto/fuser.png]
[static.wixstatic.com/media/d538b7_b330cb916c5b4a1bb6efed622356781f_mv2.png/v1/fill/w_300,h_187,al_c,q_85,usm_0.66_1.00_0.01,enc_auto/dp fuser 2.png]
[www.dma-cheats.com/fuser.html]
[static.wixstatic.com/media/d538b7_154b4fd1b24f490fbe3fe0756b220951_mv2.png/v1/fill/w_250,h_250,al_c,q_85,usm_0.66_1.00_0.01,enc_auto/kmbox.png]
[static.wixstatic.com/media/d538b7_28cfd804067540879d43d95e65bda874_mv2.png/v1/fill/w_250,h_250,al_c,q_85,usm_0.66_1.00_0.01,enc_auto/kmbox net.png]
[www.dma-cheats.com/kmbox.html]
[static.wixstatic.com/media/d538b7_8d6111954a56400bbcf757058a9aa4fa_mv2.png/v1/fill/w_284,h_207,al_c,q_85,usm_0.66_1.00_0.01,enc_auto/XIM Matrix Multi-Input Adapter Converter.png]
[static.wixstatic.com/media/d538b7_8966e6dc5c6d42fba95d30a08ef1d465_mv2.png/v1/fill/w_47,h_23,al_c,q_85,usm_0.66_1.00_0.01,blur_2,enc_auto/Как работает дма чит для DMA Store.png]
[static.wixstatic.com/media/d538b7_8d6111954a56400bbcf757058a9aa4fa_mv2.png/v1/fill/w_112,h_81,al_c,q_85,usm_0.66_1.00_0.01,blur_2,enc_auto/XIM Matrix Multi-Input Adapter Converter.png]
[www.dma-cheats.com/xim.html]
[static.wixstatic.com/media/d538b7_0992fd35ef604d7ab25fad08bb6f8d24_mv2.png/v1/fill/w_295,h_207,al_c,q_85,usm_0.66_1.00_0.01,enc_auto/d538b7_0992fd35ef604d7ab25fad08bb6f8d24_mv2.png]
[static.wixstatic.com/media/d538b7_18e04e0038694771a95d4a14efa106d5_mv2.png/v1/fill/w_295,h_188,al_c,q_85,usm_0.66_1.00_0.01,enc_auto/mini pc thunderbolt 4.png]
[static.wixstatic.com/media/d538b7_5b3d87a6c82544228dfbd4772432725f_mv2.png/v1/fill/w_295,h_220,al_c,q_85,usm_0.66_1.00_0.01,enc_auto/mini monitor 2k144.png]
[static.wixstatic.com/media/d538b7_0992fd35ef604d7ab25fad08bb6f8d24_mv2.png/v1/fill/w_117,h_81,al_c,q_85,usm_0.66_1.00_0.01,blur_2,/d538b7_0992fd35ef604d7ab25fad08bb6f8d24_mv2.png]
[www.dma-cheats.com/minipc.html]
[www.dma-cheats.com/terms.html]
[static.wixstatic.com/media/d538b7_54785db800bb48fe902be7e05ae61446_mv2.png/v1/fill/w_42,h_65,al_c,q_85,usm_0.66_1.00_0.01,blur_2,enc_auto/d538b7_54785db800bb48fe902be7e05ae61446_mv2.png]
[www.dma-cheats.com/privacy.html]
[www.dma-cheats.com/refund.html]
[www.dma-cheats.com/feed.html]
[www.dma-cheats.com/${i.html]
[www.dma-cheats.com/decodeURIComponent(e.html]
[static.wixstatic.com/media/d538b7_4eca3f4e8ed041028d34410727e761c1_mv2.png/v1/fill/w_350,h_350,al_c,q_85,usm_0.66_1.00_0.01,enc_auto/private firmware.png]
[static.wixstatic.com/media/d538b7_f7f134fd03ad41f684d4f02d45e2c162_mv2.png/v1/fill/w_100,h_100,al_c,q_85,usm_0.66_1.00_0.01,blur_3,enc_auto/2024-05-07_16-23-19.png]
[static.wixstatic.com/media/d538b7_868ac9085b114e7dafabcad238ee7e60_mv2.png/v1/fill/w_109,h_62,al_c,q_85,usm_0.66_1.00_0.01,blur_2,enc_auto/2024-05-07_16-23-58.png]
[static.wixstatic.com/media/d538b7_bb6fad9a9ac24e54b304ed17f0669a82_mv2.png/v1/fill/w_111,h_93,al_c,q_85,usm_0.66_1.00_0.01,blur_2,enc_auto/выбор прошивки.png]
[static.wixstatic.com/media/d538b7_7a742232cb8d446b8b8faeba40743a3e_mv2.png/v1/fill/w_111,h_93,al_c,q_85,usm_0.66_1.00_0.01,blur_2,/d538b7_7a742232cb8d446b8b8faeba40743a3e_mv2.png]
[static.wixstatic.com/media/d538b7_41374f633ef24fbdb5bc1fbc382198aa_mv2.png/v1/fill/w_111,h_93,al_c,q_85,usm_0.66_1.00_0.01,blur_2,enc_auto/прошивка установлена.png]
[static.wixstatic.com/media/d538b7_65c732b9469b41b39326f8e5621010f1_mv2.png/v1/fill/w_78,h_23,al_c,q_85,usm_0.66_1.00_0.01,blur_2,enc_auto/uninst ftdi 2 копия.png]
[static.wixstatic.com/media/d538b7_5fa9a578b2d343d7a83a7760edcaeb40_mv2.png/v1/fill/w_78,h_34,al_c,q_85,usm_0.66_1.00_0.01,blur_2,enc_auto/inst drivers копия 2.png]
[www.dma-cheats.com/firmware-guide.html]
[static.wixstatic.com/media/d538b7_378a0412758f485e88ce7c2e267f0d9f_mv2.png/v1/fill/w_350,h_350,al_c,q_85,usm_0.66_1.00_0.01,enc_auto/kmbox.png]
[static.wixstatic.com/media/d538b7_6889c315124344feae59c6ba54f43757_mv2.jpg/v1/fill/w_108,h_75,al_c,q_80,usm_0.66_1.00_0.01,blur_2,enc_auto/1_ How to connect Kmbox.jpg]
[static.wixstatic.com/media/d538b7_378a0412758f485e88ce7c2e267f0d9f_mv2.png/v1/fill/w_88,h_88,al_c,q_85,usm_0.66_1.00_0.01,blur_2,enc_auto/kmbox.png]
[static.wixstatic.com/media/d538b7_b1ae882e3f9344c69ac93eea74123562_mv2.png/v1/fill/w_107,h_106,al_c,q_85,usm_0.66_1.00_0.01,blur_3,enc_auto/2024-05-09_14-01-51.png]
[static.wixstatic.com/media/d538b7_1b1cb5ec84e349ed8e5aae62de6821b3_mv2.png/v1/fill/w_60,h_50,al_c,q_85,usm_0.66_1.00_0.01,blur_2,enc_auto/seriall.png]
[static.wixstatic.com/media/d538b7_71013090f1a54ab2817b73bbeb1070eb_mv2.png/v1/fill/w_60,h_50,al_c,q_85,usm_0.66_1.00_0.01,blur_2,enc_auto/serial 2.png]
[static.wixstatic.com/media/d538b7_0d9674c1e51f47c08ed2549638ce964a_mv2.png/v1/fill/w_60,h_35,al_c,q_85,usm_0.66_1.00_0.01,blur_2,enc_auto/test kmbox.png]
[static.wixstatic.com/media/d538b7_d9a83f73ef264ceba9a28e42a677048b_mv2.png/v1/fill/w_60,h_35,al_c,q_85,usm_0.66_1.00_0.01,blur_2,enc_auto/kmbox test 2.png]
[static.wixstatic.com/media/d538b7_bca6555c54764c2488cd00748741db30_mv2.png/v1/fill/w_88,h_85,al_c,q_85,usm_0.66_1.00_0.01,blur_2,enc_auto/kmbox b_edited.png]
[static.wixstatic.com/media/d538b7_4bf742cfd2bc4e41b66192993da3c966_mv2.png/v1/fill/w_107,h_107,al_c,q_85,usm_0.66_1.00_0.01,blur_3,enc_auto/2024-08-16_13-34-13.png]
[static.wixstatic.com/media/d538b7_ce7618bfa7554458a799040dd8e4d783_mv2.png/v1/fill/w_114,h_75,al_c,q_85,usm_0.66_1.00_0.01,blur_2,enc_auto/2024-08-16_14-17-45.png]
[static.wixstatic.com/media/d538b7_946613263804473fbad3d9df1575fdff_mv2.png/v1/fill/w_114,h_75,al_c,q_85,usm_0.66_1.00_0.01,blur_2,/d538b7_946613263804473fbad3d9df1575fdff_mv2.png]
[static.wixstatic.com/media/d538b7_d32db6eac50b4d38b3266d32fb02156d_mv2.png/v1/fill/w_114,h_75,al_c,q_85,usm_0.66_1.00_0.01,blur_2,/d538b7_d32db6eac50b4d38b3266d32fb02156d_mv2.png]
[static.wixstatic.com/media/d538b7_d66a45b3097447648d2f645efbc9b881_mv2.png/v1/fill/w_60,h_50,al_c,q_85,usm_0.66_1.00_0.01,blur_2,enc_auto/d538b7_d66a45b3097447648d2f645efbc9b881_mv2.png]
[static.wixstatic.com/media/d538b7_217ebdfbfb244999bd446937caf84891_mv2.png/v1/fill/w_86,h_73,al_c,q_85,usm_0.66_1.00_0.01,blur_2,enc_auto/d538b7_217ebdfbfb244999bd446937caf84891_mv2.png]
[static.wixstatic.com/media/d538b7_b1fe0825251543de9a70a65bd173cece_mv2.png/v1/fill/w_113,h_83,al_c,q_85,usm_0.66_1.00_0.01,blur_2,/d538b7_b1fe0825251543de9a70a65bd173cece_mv2.png]
[static.wixstatic.com/media/d538b7_8d9108139ce14f3db253111ebeafad53_mv2.png/v1/fill/w_112,h_83,al_c,q_85,usm_0.66_1.00_0.01,blur_2,/d538b7_8d9108139ce14f3db253111ebeafad53_mv2.png]
[static.wixstatic.com/media/d538b7_1c73921d835c49debb19d21bb6bcbd29_mv2.png/v1/fill/w_113,h_83,al_c,q_85,usm_0.66_1.00_0.01,blur_2,/d538b7_1c73921d835c49debb19d21bb6bcbd29_mv2.png]
[static.wixstatic.com/media/d538b7_b38115c2450c43a1b0f0cc07e347107f_mv2.png/v1/fill/w_113,h_84,al_c,q_85,usm_0.66_1.00_0.01,blur_2,/d538b7_b38115c2450c43a1b0f0cc07e347107f_mv2.png]
[static.wixstatic.com/media/d538b7_f841a0c369744364b4f98c2512797925_mv2.png/v1/fill/w_85,h_24,al_c,q_85,usm_0.66_1.00_0.01,blur_2,enc_auto/d538b7_f841a0c369744364b4f98c2512797925_mv2.png]
[static.wixstatic.com/media/d538b7_1e62bf4bfc7a4dd190811e3ac71f8667_mv2.png/v1/fill/w_60,h_19,al_c,q_85,usm_0.66_1.00_0.01,blur_2,enc_auto/d538b7_1e62bf4bfc7a4dd190811e3ac71f8667_mv2.png]
[static.wixstatic.com/media/d538b7_290cdeca035b4d67813618d601b311ae_mv2.png/v1/fill/w_89,h_86,al_c,q_85,usm_0.66_1.00_0.01,blur_2,enc_auto/kmbox b pro please active.png]
[static.wixstatic.com/media/d538b7_df8cf6cb53524de18203377819c86281_mv2.png/v1/fill/w_104,h_112,al_c,q_85,usm_0.66_1.00_0.01,blur_3,enc_auto/2024-08-20_13-08-21.png]
[static.wixstatic.com/media/d538b7_943eede092c241e39d88820cba624af4_mv2.png/v1/fill/w_89,h_89,al_c,q_85,usm_0.66_1.00_0.01,blur_2,enc_auto/2024-08-20_13-12-18.png]
[static.wixstatic.com/media/d538b7_bf2e2aa42f074b3b8bef68292abcbbf4_mv2.png/v1/fill/w_89,h_89,al_c,q_85,usm_0.66_1.00_0.01,blur_2,enc_auto/d538b7_bf2e2aa42f074b3b8bef68292abcbbf4_mv2.png]
[static.wixstatic.com/media/d538b7_0de458588f4142a58dcace43b122ee5d_mv2.png/v1/fill/w_89,h_89,al_c,q_85,usm_0.66_1.00_0.01,blur_2,enc_auto/2024-08-20_13-44-39.png]
[static.wixstatic.com/media/d538b7_b50f82acc9674abfa6435f85594b745d_mv2.png/v1/fill/w_88,h_87,al_c,q_85,usm_0.66_1.00_0.01,blur_2,enc_auto/kmbox b pro normal screen.png]
[static.wixstatic.com/media/d538b7_b4b170388a4a4bfcba9497b40ebf4a4f_mv2.png/v1/fill/w_60,h_19,al_c,q_85,usm_0.66_1.00_0.01,blur_2,enc_auto/configs копия.png]
[static.wixstatic.com/media/d538b7_a42dd7ea9c024e4c8eedd980a3c47bed_mv2.png/v1/fill/w_110,h_120,al_c,q_85,usm_0.66_1.00_0.01,blur_2,enc_auto/kmbox cheat settings.png]
[www.dma-cheats.com/kmbox-b-pro-guide.html]
[static.wixstatic.com/media/d538b7_889c2ba9f6bf4d4593e984a88777deec_mv2.jpg/v1/fill/w_108,h_75,al_c,q_80,usm_0.66_1.00_0.01,blur_2,enc_auto/1_ How to connect Kmbox Net (2).jpg]
[static.wixstatic.com/media/d538b7_f9ad1311fd594e699b207615d75ef824_mv2.png/v1/fill/w_107,h_106,al_c,q_85,usm_0.66_1.00_0.01,blur_3,enc_auto/2024-07-13_18-28-11.png]
[static.wixstatic.com/media/d538b7_ab2a5f6e8fc646999e2be97062dbc124_mv2.png/v1/fill/w_110,h_63,al_c,q_85,usm_0.66_1.00_0.01,blur_2,enc_auto/driver net.png]
[static.wixstatic.com/media/d538b7_fa0e50aa47f74b58a86cd5056f229c2b_mv2.jpg/v1/fill/w_108,h_88,al_c,q_80,usm_0.66_1.00_0.01,blur_2,enc_auto/control panel_edited.jpg]
[static.wixstatic.com/media/d538b7_84b514cc8f1e40dabbd2f02059dbb7fb_mv2.jpg/v1/fill/w_108,h_56,al_c,q_80,usm_0.66_1.00_0.01,blur_2,/d538b7_84b514cc8f1e40dabbd2f02059dbb7fb_mv2.jpg]
[static.wixstatic.com/media/d538b7_0b15847dffe34411bb32e4f046bf0087_mv2.jpg/v1/fill/w_108,h_43,al_c,q_80,usm_0.66_1.00_0.01,blur_2,/d538b7_0b15847dffe34411bb32e4f046bf0087_mv2.jpg]
[static.wixstatic.com/media/d538b7_d9d6bea64a80414f95e026dbea719ee0_mv2.png/v1/fill/w_60,h_32,al_c,q_85,usm_0.66_1.00_0.01,blur_2,enc_auto/d538b7_d9d6bea64a80414f95e026dbea719ee0_mv2.png]
[static.wixstatic.com/media/d538b7_53a9c1f5a068440b88bc871fc00c85ba_mv2.jpg/v1/fill/w_108,h_48,al_c,q_80,usm_0.66_1.00_0.01,blur_2,enc_auto/ethernet 3_edited.jpg]
[static.wixstatic.com/media/d538b7_a04e356270e24e00bc36019411e50777_mv2.jpg/v1/fill/w_88,h_114,al_c,q_80,usm_0.66_1.00_0.01,blur_2,/d538b7_a04e356270e24e00bc36019411e50777_mv2.jpg]
[static.wixstatic.com/media/d538b7_e7731a115e2241a586c05c257f376713_mv2.jpg/v1/fill/w_88,h_113,al_c,q_80,usm_0.66_1.00_0.01,blur_2,/d538b7_e7731a115e2241a586c05c257f376713_mv2.jpg]
[static.wixstatic.com/media/d538b7_2f65473927384be89d7f59ce89fd23e2_mv2.png/v1/fill/w_88,h_100,al_c,q_85,usm_0.66_1.00_0.01,blur_2,enc_auto/ip.png]
[static.wixstatic.com/media/d538b7_83f42c44e2f64c89a6795cf413a43398_mv2.jpg/v1/fill/w_108,h_68,al_c,q_80,usm_0.66_1.00_0.01,blur_2,enc_auto/cfg ip.jpg]
[static.wixstatic.com/media/d538b7_a38e4a1c8e114f25bd75582fc95aa8e8_mv2.jpg/v1/fill/w_123,h_56,al_c,q_80,usm_0.66_1.00_0.01,blur_2,/LAUNCHING WITH KMBOX NET - frame at 2m30s копия.c0.dela]
[static.wixstatic.com/media/d538b7_e402978f41ed46e3a28f7e716cb182b6_mv2.png/v1/fill/w_88,h_88,al_c,q_85,usm_0.66_1.00_0.01,blur_2,enc_auto/мой kmbox net без фона.png]
[static.wixstatic.com/media/d538b7_b6396bcf929a4327bf62a354d2aa9dd2_mv2.png/v1/fill/w_88,h_37,al_c,q_85,usm_0.66_1.00_0.01,blur_2,enc_auto/кнопка kmbox.png]
[static.wixstatic.com/media/d538b7_1e0b0428c9fc431b8df838b8a825dfa7_mv2.png/v1/fill/w_113,h_114,al_c,q_85,blur_3,enc_auto/2024-08-11_14-11-20.png]
[static.wixstatic.com/media/d538b7_b449925f986a459f9b756d6c86f0310b_mv2.png/v1/fill/w_60,h_47,al_c,q_85,usm_0.66_1.00_0.01,blur_2,enc_auto/upgrade tools kmbox net.png]
[static.wixstatic.com/media/d538b7_b061b4be361644fbbdf7a711afa54b92_mv2.png/v1/fill/w_60,h_33,al_c,q_85,usm_0.66_1.00_0.01,blur_2,enc_auto/2024-08-11_14-22-49.png]
[static.wixstatic.com/media/d538b7_66e6eb5f0c0e47e8a8c33f58410275b4_mv2.png/v1/fill/w_60,h_33,al_c,q_85,usm_0.66_1.00_0.01,blur_2,enc_auto/2024-08-11_14-24-20.png]
[static.wixstatic.com/media/d538b7_d1b2a46c01684d1092985cf298365d37_mv2.png/v1/fill/w_60,h_47,al_c,q_85,usm_0.66_1.00_0.01,blur_2,enc_auto/updater 2.png]
[static.wixstatic.com/media/d538b7_f9de2a249a804b40b4ef5c3c728a230f_mv2.png/v1/fill/w_60,h_47,al_c,q_85,usm_0.66_1.00_0.01,blur_2,enc_auto/upgrade success.png]
[static.wixstatic.com/media/d538b7_e28836930bed4935b5e70c5faeedcc6d_mv2.png/v1/fill/w_138,h_156,al_c,q_85,blur_3,enc_auto/2024-08-11_14-52-29.png]
[static.wixstatic.com/media/d538b7_3f5d6c3468eb417e8e7fc424dc7f2b52_mv2.png/v1/fill/w_83,h_13,al_c,q_85,usm_0.66_1.00_0.01,blur_2,enc_auto/2024-08-14_16-43-07.png]
[static.wixstatic.com/media/d538b7_817d5068bf784b969a9f237372cf4fa2_mv2.png/v1/fill/w_53,h_35,al_c,q_85,usm_0.66_1.00_0.01,blur_2,enc_auto/kmbox net схема main and second pc копия.png]
[static.wixstatic.com/media/d538b7_23bcc24a6a70464a8a36e0de22d4a347_mv2.png/v1/fill/w_60,h_59,al_c,q_85,usm_0.66_1.00_0.01,blur_2,enc_auto/kmboxnet exe.png]
[static.wixstatic.com/media/d538b7_97bc6f3ff9214b5aa2ec13f05b866008_mv2.png/v1/fill/w_101,h_52,al_c,q_85,usm_0.66_1.00_0.01,blur_2,enc_auto/kmbox net exe ping.png]
[static.wixstatic.com/media/d538b7_30c808244cc94353b328300bf75ec6a9_mv2.png/v1/fill/w_50,h_44,al_c,q_85,usm_0.66_1.00_0.01,blur_2,enc_auto/NET EXE OK копия.png]
[static.wixstatic.com/media/d538b7_b7461199f8324610bcab3bbd41bdfa65_mv2.png/v1/fill/w_97,h_114,al_c,q_85,usm_0.66_1.00_0.01,blur_2,enc_auto/vid копия.png]
[static.wixstatic.com/media/d538b7_36852197f3d34f1099aae8b3af0b18eb_mv2.png/v1/fill/w_83,h_50,al_c,q_85,usm_0.66_1.00_0.01,blur_2,enc_auto/spoofing ok kmbox net копия.png]
[static.wixstatic.com/media/d538b7_920f241589fe43a99a68a2220b88e8c3_mv2.png/v1/fill/w_77,h_18,al_c,q_85,usm_0.66_1.00_0.01,blur_2,enc_auto/2024-08-14_17-13-54.png]
[www.dma-cheats.com/kmbox-net-guide.html]
[static.wixstatic.com/media/d538b7_de8b1a9b4a40414c8ca66c541522a528_mv2.png/v1/fill/w_500,h_248,al_c,q_85,usm_0.66_1.00_0.01,enc_auto/new fuser png.png]
[static.wixstatic.com/media/d538b7_cadff3d51a6346a6abd0163543c586eb_mv2.png/v1/fill/w_92,h_96,al_c,q_85,usm_0.66_1.00_0.01,blur_2,enc_auto/display settings.png]
[static.wixstatic.com/media/d538b7_3bcc8d23c871497c8b8fa6196bee8d5b_mv2.png/v1/fill/w_20,h_20,al_c,q_85,usm_0.66_1.00_0.01,blur_3,enc_auto/windows-10-cursor-png-4.png]
[static.wixstatic.com/media/d538b7_b9e195f2983742f6bfbe86751df2c57a_mv2.png/v1/fill/w_74,h_57,al_c,q_85,usm_0.66_1.00_0.01,blur_2,enc_auto/d538b7_b9e195f2983742f6bfbe86751df2c57a_mv2.png]
[static.wixstatic.com/media/d538b7_d88347a14eca4ddd9ee0d4516da9f011_mv2.png/v1/fill/w_93,h_64,al_c,q_85,usm_0.66_1.00_0.01,blur_2,enc_auto/display resolution.png]
[static.wixstatic.com/media/d538b7_fb76f20d0cc749b68a4c90d5cafc11b4_mv2.png/v1/fill/w_92,h_61,al_c,q_85,usm_0.66_1.00_0.01,blur_2,enc_auto/refresh rate.png]
[static.wixstatic.com/media/d538b7_1570574b20cc4185958c8c259b6ac8d6_mv2.png/v1/fill/w_60,h_36,al_c,q_85,usm_0.66_1.00_0.01,blur_2,enc_auto/1_ How to connect DisplayPort Fuser.png]
[static.wixstatic.com/media/d538b7_a6cefcc06faa400fae17a07aa8d8a008_mv2.png/v1/fill/w_180,h_400,al_c,q_85,usm_0.66_1.00_0.01,blur_3,enc_auto/new fuser remote png.png]
[static.wixstatic.com/media/d538b7_be0e16eb69214752a1780267c581bfc6_mv2.png/v1/fill/w_170,h_42,al_c,q_85,usm_0.66_1.00_0.01,blur_3,enc_auto/стрелка 12_edited_edited_edited.png]
[static.wixstatic.com/media/d538b7_6ac683afa81748a096c13dd9a03cc9e9_mv2.jpg/v1/fill/w_103,h_59,al_c,q_80,usm_0.66_1.00_0.01,blur_2,enc_auto/miltiple displays.jpg]
[static.wixstatic.com/media/d538b7_8c379bb417db4431b113f430e44f2612_mv2.jpg/v1/fill/w_108,h_68,al_c,q_80,usm_0.66_1.00_0.01,blur_2,/d538b7_8c379bb417db4431b113f430e44f2612_mv2.jpg]
[static.wixstatic.com/media/d538b7_de8b1a9b4a40414c8ca66c541522a528_mv2.png/v1/fill/w_125,h_62,al_c,q_85,usm_0.66_1.00_0.01,blur_2,enc_auto/new fuser png.png]
[static.wixstatic.com/media/d538b7_a6cefcc06faa400fae17a07aa8d8a008_mv2.png/v1/fill/w_160,h_355,al_c,q_85,usm_0.66_1.00_0.01,blur_3,enc_auto/new fuser remote png.png]
[static.wixstatic.com/media/d538b7_bac4bcd3d11348a2bd061ab4af5adeb1_mv2.png/v1/fill/w_200,h_494,al_c,q_85,usm_0.66_1.00_0.01,blur_3,enc_auto/battery fuser.png]
[static.wixstatic.com/media/d538b7_be0e16eb69214752a1780267c581bfc6_mv2.png/v1/fill/w_150,h_37,al_c,q_85,usm_0.66_1.00_0.01,blur_3,enc_auto/стрелка 12_edited_edited_edited.png]
[www.dma-cheats.com/fuser-guide.html]
[static.wixstatic.com/media/d538b7_f30ee33c0aa2406a914f2d5e49632556_mv2.png/v1/fill/w_720,h_360,al_c,q_85,usm_0.66_1.00_0.01,enc_auto/новое меню dma 1.png]
[static.wixstatic.com/media/d538b7_b5c0ff255339477589f94f05eb3035b5_mv2.png/v1/fill/w_119,h_93,al_c,q_85,usm_0.66_1.00_0.01,blur_2,enc_auto/sdk success.png]
[static.wixstatic.com/media/d538b7_6d70b8cd41794701936926d9043aef9f_mv2.png/v1/fill/w_118,h_93,al_c,q_85,usm_0.66_1.00_0.01,blur_2,enc_auto/node.png]
[static.wixstatic.com/media/d538b7_19ed0f8629b64f95b3719a636b2c8d07_mv2.png/v1/fill/w_60,h_13,al_c,q_85,usm_0.66_1.00_0.01,blur_2,enc_auto/move to sys32 копия.png]
[static.wixstatic.com/media/d538b7_2eaafb803b3541c6b19631dfb0765648_mv2.png/v1/fill/w_60,h_35,al_c,q_85,usm_0.66_1.00_0.01,blur_2,enc_auto/launcher 1.png]
[static.wixstatic.com/media/d538b7_d8fe67b1eed042e78c87245909ebae57_mv2.png/v1/fill/w_181,h_17,al_c,q_85,usm_0.66_1.00_0.01,blur_3,enc_auto/стрелка 12_edited_edited.png]
[static.wixstatic.com/media/d538b7_95c324249c8646f49a2dc68c5fbbaef2_mv2.png/v1/fill/w_60,h_35,al_c,q_85,usm_0.66_1.00_0.01,blur_2,enc_auto/d538b7_95c324249c8646f49a2dc68c5fbbaef2_mv2.png]
[static.wixstatic.com/media/d538b7_d8d50f93180b46408397dcbdeb139af4_mv2.png/v1/fill/w_69,h_34,al_c,q_85,usm_0.66_1.00_0.01,blur_2,enc_auto/d538b7_d8d50f93180b46408397dcbdeb139af4_mv2.png]
[static.wixstatic.com/media/d538b7_c5811201eb3641eab8e86ff516241efe_mv2.png/v1/fill/w_60,h_56,al_c,q_85,usm_0.66_1.00_0.01,blur_2,enc_auto/mmpad delete копия.png]
[www.dma-cheats.com/cheat-guide.html]
[static.wixstatic.com/media/d538b7_8adcfa374c0143ccafa6209dcc8bc167_mv2.png/v1/fill/w_421,h_311,al_c,q_85,usm_0.66_1.00_0.01,enc_auto/d538b7_8adcfa374c0143ccafa6209dcc8bc167_mv2.png]
[static.wixstatic.com/media/d538b7_85cb7c83684144838ffaabf2b27708c1_mv2.png/v1/fill/w_60,h_34,al_c,q_85,usm_0.66_1.00_0.01,blur_2,enc_auto/подключение xim.png]
[static.wixstatic.com/media/d538b7_0601c9ef1eea4805bc5fffc2f4b55c82_mv2.png/v1/fill/w_89,h_67,al_c,q_85,usm_0.66_1.00_0.01,blur_2,enc_auto/xim 111.png]
[static.wixstatic.com/media/d538b7_933a8b51095946f9adb8ea5f1bc3bd75_mv2.gif]
[static.wixstatic.com/media/d538b7_6a9f1cb3286347e1ab9e63dcda5a9e1b_mv2.png/v1/fill/w_88,h_74,al_c,q_85,usm_0.66_1.00_0.01,blur_2,enc_auto/d538b7_6a9f1cb3286347e1ab9e63dcda5a9e1b_mv2.png]
[static.wixstatic.com/media/d538b7_98197ad90bd047b591dcf6543fa4b291_mv2.png/v1/fill/w_89,h_59,al_c,q_85,usm_0.66_1.00_0.01,blur_2,enc_auto/d538b7_98197ad90bd047b591dcf6543fa4b291_mv2.png]
[static.wixstatic.com/media/d538b7_ffaba3b3a22540a9a54cde6d5a80fec2_mv2.jpg/v1/fill/w_81,h_126,al_c,q_80,usm_0.66_1.00_0.01,blur_2,/d538b7_ffaba3b3a22540a9a54cde6d5a80fec2_mv2.jpg]
[static.wixstatic.com/media/d538b7_8c159dd0e6be444e928aabd70d10fb20_mv2.png/v1/fill/w_81,h_103,al_c,q_85,usm_0.66_1.00_0.01,blur_2,enc_auto/2024-07-14_13-28-01.png]
[static.wixstatic.com/media/d538b7_eeb19ffff97840d2acc5572ae08c7813_mv2.png/v1/fill/w_60,h_15,al_c,q_85,usm_0.66_1.00_0.01,blur_2,enc_auto/xim cfg.png]
[static.wixstatic.com/media/d538b7_3540df551e5449b69d3625835e3c7d7c_mv2.png/v1/fill/w_81,h_126,al_c,q_85,usm_0.66_1.00_0.01,blur_2,enc_auto/2024-07-14_13-37-42.png]
[static.wixstatic.com/media/d538b7_9c855801f6eb4bc1817d8c27a858e318_mv2.png/v1/fill/w_81,h_126,al_c,q_85,usm_0.66_1.00_0.01,blur_2,enc_auto/2024-07-14_13-40-04.png]
[static.wixstatic.com/media/d538b7_0737361c3cb0485a965642f490d30b19_mv2.png/v1/fill/w_60,h_31,al_c,q_85,usm_0.66_1.00_0.01,blur_2,enc_auto/2024-07-14_14-59-54.png]
[static.wixstatic.com/media/d538b7_d8d50f93180b46408397dcbdeb139af4_mv2.png/v1/fill/w_60,h_30,al_c,q_85,usm_0.66_1.00_0.01,blur_2,enc_auto/d538b7_d8d50f93180b46408397dcbdeb139af4_mv2.png]
[www.dma-cheats.com/xim-guide.html]
[static.wixstatic.com/media/d538b7_dcdd37d4911b41199986d5cade710c2e_mv2.jpg/v1/fill/w_65,h_65,al_c,q_80,usm_0.66_1.00_0.01,enc_auto/1679523870_preview_Без-имени-1.jpg]
[www.dma-cheats.com/cs2-period.html]
[static.wixstatic.com/media/d538b7_63bc2ba8f6874dd894b309e14cdb2a38_mv2.jpg/v1/fill/w_65,h_65,al_c,q_80,usm_0.66_1.00_0.01,enc_auto/fortnite.jpg]
[www.dma-cheats.com/fortnite-period.html]
[static.wixstatic.com/media/d538b7_de59122684d24e09b6e8e96986048aec_mv2.png/v1/fill/w_65,h_65,al_c,q_85,usm_0.66_1.00_0.01,enc_auto/cod.png]
[www.dma-cheats.com/cod-period.html]
[static.wixstatic.com/media/d538b7_086cd9d76b7c482f9ec98c378cf4356d_mv2.jpg/v1/fill/w_65,h_65,al_c,q_80,usm_0.66_1.00_0.01,enc_auto/valorant.jpg]
[www.dma-cheats.com/valorant-period.html]
[static.wixstatic.com/media/d538b7_a6fc2fb6281a4b3f9d174518032ae3eb_mv2.jpg/v1/fill/w_65,h_65,al_c,q_80,usm_0.66_1.00_0.01,enc_auto/apex.jpg]
[www.dma-cheats.com/apex-period.html]
[static.wixstatic.com/media/d538b7_63dca70afec145209f3c5ef5f0a9a137_mv2.jpg/v1/fill/w_65,h_65,al_c,q_80,usm_0.66_1.00_0.01,enc_auto/pubg заставка jpg.jpg]
[www.dma-cheats.com/finals-period.html]
